<?xml version="1.0" encoding="UTF-8"?>
<coverage generated="1422442939">
  <project timestamp="1422442939">
    <package name="Translate">
      <file name="/Users/stanislavmenshykh/phalcon.local/vendor/stanislav-web/phalcon-translate/src/Translate/Translator.php">
        <class name="Translator" namespace="Translate" fullPackage="Translate.Translate" package="Translate" subpackage="Translate">
          <metrics methods="4" coveredmethods="2" conditionals="0" coveredconditionals="0" statements="18" coveredstatements="15" elements="22" coveredelements="17"/>
        </class>
        <line num="63" type="method" name="setTranslatePath" crap="1" count="1"/>
        <line num="64" type="stmt" count="1"/>
        <line num="66" type="stmt" count="1"/>
        <line num="75" type="method" name="setLanguage" crap="1" count="1"/>
        <line num="76" type="stmt" count="1"/>
        <line num="78" type="stmt" count="1"/>
        <line num="88" type="method" name="assign" crap="3.01" count="2"/>
        <line num="90" type="stmt" count="2"/>
        <line num="92" type="stmt" count="2"/>
        <line num="94" type="stmt" count="2"/>
        <line num="96" type="stmt" count="1"/>
        <line num="97" type="stmt" count="1"/>
        <line num="101" type="stmt" count="1"/>
        <line num="103" type="stmt" count="1"/>
        <line num="106" type="stmt" count="1"/>
        <line num="108" type="stmt" count="1"/>
        <line num="111" type="stmt" count="1"/>
        <line num="114" type="stmt" count="0"/>
        <line num="122" type="method" name="translate" crap="3.19" count="1"/>
        <line num="125" type="stmt" count="1"/>
        <line num="126" type="stmt" count="0"/>
        <line num="128" type="stmt" count="0"/>
        <metrics loc="130" ncloc="61" classes="1" methods="4" coveredmethods="2" conditionals="0" coveredconditionals="0" statements="18" coveredstatements="15" elements="22" coveredelements="17"/>
      </file>
    </package>
    <metrics files="1" loc="130" ncloc="61" classes="1" methods="4" coveredmethods="2" conditionals="0" coveredconditionals="0" statements="18" coveredstatements="15" elements="22" coveredelements="17"/>
  </project>
</coverage>
